This is pdfeTeX, Version 3.141592-1.21a-2.2 (Web2C 7.5.4) (format=pdflatex 2005.9.13)  11 JUN 2006 19:05
entering extended mode
**usermanual
(./usermanual.tex
LaTeX2e <2003/12/01>
Babel <v3.8d> and hyphenation patterns for american, french, german, ngerman, b
ahasa, basque, bulgarian, catalan, croatian, czech, danish, dutch, esperanto, e
stonian, finnish, greek, icelandic, irish, italian, latin, magyar, norsk, polis
h, portuges, romanian, russian, serbian, slovak, slovene, spanish, swedish, tur
kish, ukrainian, nohyphenation, loaded.
(/usr/share/texmf/tex/latex/base/article.cls
Document Class: article 2004/02/16 v1.4f Standard LaTeX document class
(/usr/share/texmf/tex/latex/base/size11.clo
File: size11.clo 2004/02/16 v1.4f Standard LaTeX file (size option)
)
\c@part=\count79
\c@section=\count80
\c@subsection=\count81
\c@subsubsection=\count82
\c@paragraph=\count83
\c@subparagraph=\count84
\c@figure=\count85
\c@table=\count86
\abovecaptionskip=\skip41
\belowcaptionskip=\skip42
\bibindent=\dimen102
)
(/usr/share/texmf/tex/latex/graphics/graphicx.sty
Package: graphicx 1999/02/16 v1.0f Enhanced LaTeX Graphics (DPC,SPQR)

(/usr/share/texmf/tex/latex/graphics/keyval.sty
Package: keyval 1999/03/16 v1.13 key=value parser (DPC)
\KV@toks@=\toks14
)
(/usr/share/texmf/tex/latex/graphics/graphics.sty
Package: graphics 2001/07/07 v1.0n Standard LaTeX Graphics (DPC,SPQR)

(/usr/share/texmf/tex/latex/graphics/trig.sty
Package: trig 1999/03/16 v1.09 sin cos tan (DPC)
)
(/usr/share/texmf/tex/latex/graphics/graphics.cfg
File: graphics.cfg 2005/02/03 v1.3 graphics configuration of teTeX/TeXLive
)
Package graphics Info: Driver file: pdftex.def on input line 80.

(/usr/share/texmf/tex/latex/graphics/pdftex.def
File: pdftex.def 2002/06/19 v0.03k graphics/color for pdftex
\Gread@gobject=\count87
))
\Gin@req@height=\dimen103
\Gin@req@width=\dimen104
)
(/usr/share/texmf/tex/latex/graphics/color.sty
Package: color 1999/02/16 v1.0i Standard LaTeX Color (DPC)

(/usr/share/texmf/tex/latex/graphics/color.cfg
File: color.cfg 2005/02/03 v1.3 color configuration of teTeX/TeXLive
)
Package color Info: Driver file: pdftex.def on input line 125.
)
(/usr/share/texmf/tex/latex/html/html.sty
(/usr/share/texmf/tex/latex/hyperref/hyperref.sty
Package: hyperref 2003/11/30 v6.74m Hypertext links for LaTeX
\@linkdim=\dimen105
\Hy@linkcounter=\count88
\Hy@pagecounter=\count89

(/usr/share/texmf/tex/latex/hyperref/pd1enc.def
File: pd1enc.def 2003/11/30 v6.74m Hyperref: PDFDocEncoding definition (HO)
)
(/usr/share/texmf/tex/latex/hyperref/hyperref.cfg
File: hyperref.cfg 2005/03/07 hyperref configuration of teTeX 3.0
)
Package hyperref Info: Option `colorlinks' set `true' on input line 1830.
Package hyperref Info: Hyper figures OFF on input line 1880.
Package hyperref Info: Link nesting OFF on input line 1885.
Package hyperref Info: Hyper index ON on input line 1888.
Package hyperref Info: Plain pages ON on input line 1893.
Package hyperref Info: Backreferencing OFF on input line 1900.

Implicit mode ON; LaTeX internals redefined
Package hyperref Info: Bookmarks ON on input line 2004.
(/usr/share/texmf/tex/latex/html/url.sty
Package: url 1999/03/02  ver 1.4  Verb mode for urls, email addresses, and file
 names
)
LaTeX Info: Redefining \url on input line 2143.
\Fld@menulength=\count90
\Field@Width=\dimen106
\Fld@charsize=\dimen107
\Choice@toks=\toks15
\Field@toks=\toks16
Package hyperref Info: Hyper figures OFF on input line 2618.
Package hyperref Info: Link nesting OFF on input line 2623.
Package hyperref Info: Hyper index ON on input line 2626.
Package hyperref Info: backreferencing OFF on input line 2633.
Package hyperref Info: Link coloring ON on input line 2636.
\c@Item=\count91
\c@Hfootnote=\count92
)
*hyperref using driver hpdftex*
(/usr/share/texmf/tex/latex/hyperref/hpdftex.def
File: hpdftex.def 2003/11/30 v6.74m Hyperref driver for pdfTeX

(/usr/share/texmf/tex/latex/psnfss/pifont.sty
Package: pifont 2004/09/15 PSNFSS-v9.2 Pi font support (SPQR) 
LaTeX Font Info:    Try loading font information for U+pzd on input line 63.

(/usr/share/texmf/tex/latex/psnfss/upzd.fd
File: upzd.fd 2001/06/04 font definitions for U/pzd.
)
LaTeX Font Info:    Try loading font information for U+psy on input line 64.

(/usr/share/texmf/tex/latex/psnfss/upsy.fd
File: upsy.fd 2001/06/04 font definitions for U/psy.
))
\Fld@listcount=\count93
\@outlinefile=\write3
)
Package: html 1999/07/19 v1.38 hypertext commands for latex2html (nd, hws, rrm)

\c@lpart=\count94
\c@lchapter=\count95
\c@chapter=\count96
\c@lsection=\count97
\c@lsubsection=\count98
\c@lsubsubsection=\count99
\c@lparagraph=\count100
\c@lsubparagraph=\count101
\c@lsubsubparagraph=\count102
\ptrfile=\write4
)
(/usr/share/texmf/tex/latex/a4wide/a4wide.sty
Package: a4wide 1994/08/30

(/usr/share/texmf/tex/latex/ntgclass/a4.sty
Package: a4 2004/04/15 v1.2g A4 based page layout
)) (./usermanual.aux)
\openout1 = `usermanual.aux'.

LaTeX Font Info:    Checking defaults for OML/cmm/m/it on input line 50.
LaTeX Font Info:    ... okay on input line 50.
LaTeX Font Info:    Checking defaults for T1/cmr/m/n on input line 50.
LaTeX Font Info:    ... okay on input line 50.
LaTeX Font Info:    Checking defaults for OT1/cmr/m/n on input line 50.
LaTeX Font Info:    ... okay on input line 50.
LaTeX Font Info:    Checking defaults for OMS/cmsy/m/n on input line 50.
LaTeX Font Info:    ... okay on input line 50.
LaTeX Font Info:    Checking defaults for OMX/cmex/m/n on input line 50.
LaTeX Font Info:    ... okay on input line 50.
LaTeX Font Info:    Checking defaults for U/cmr/m/n on input line 50.
LaTeX Font Info:    ... okay on input line 50.
LaTeX Font Info:    Checking defaults for PD1/pdf/m/n on input line 50.
LaTeX Font Info:    ... okay on input line 50.

(/usr/share/texmf/tex/context/base/supp-pdf.tex
(/usr/share/texmf/tex/context/base/supp-mis.tex
loading : Context Support Macros / Miscellaneous (2004.10.26)
\protectiondepth=\count103
\scratchcounter=\count104
\scratchtoks=\toks17
\scratchdimen=\dimen108
\scratchskip=\skip43
\scratchmuskip=\muskip10
\scratchbox=\box26
\scratchread=\read1
\scratchwrite=\write5
\zeropoint=\dimen109
\onepoint=\dimen110
\onebasepoint=\dimen111
\minusone=\count105
\thousandpoint=\dimen112
\onerealpoint=\dimen113
\emptytoks=\toks18
\nextbox=\box27
\nextdepth=\dimen114
\everyline=\toks19
\!!counta=\count106
\!!countb=\count107
\recursecounter=\count108
)
loading : Context Support Macros / PDF (2004.03.26)
\nofMPsegments=\count109
\nofMParguments=\count110
\MPscratchCnt=\count111
\MPscratchDim=\dimen115
\MPnumerator=\count112
\everyMPtoPDFconversion=\toks20
)
Package hyperref Info: Link coloring ON on input line 50.
 (/usr/share/texmf/tex/latex/hyperref/nameref.sty
Package: nameref 2003/12/03 v2.21 Cross-referencing by name of section
\c@section@level=\count113
)
LaTeX Info: Redefining \ref on input line 50.
LaTeX Info: Redefining \pageref on input line 50.
 (./usermanual.out)
(./usermanual.out)
\openout3 = `usermanual.out'.

 (./um-tp-paper.tex
LaTeX Font Info:    Try loading font information for OMS+cmr on input line 14.

(/usr/share/texmf/tex/latex/base/omscmr.fd
File: omscmr.fd 1999/05/25 v2.5h Standard LaTeX font definitions
)
LaTeX Font Info:    Font shape `OMS/cmr/m/n' in size <14.4> not available
(Font)              Font shape `OMS/cmsy/m/n' tried instead on input line 14.
LaTeX Font Info:    External font `cmex10' loaded for size
(Font)              <14.4> on input line 15.
LaTeX Font Info:    External font `cmex10' loaded for size
(Font)              <7> on input line 15.
Missing character: There is no © in font cmr8!
LaTeX Font Info:    External font `cmex10' loaded for size
(Font)              <8> on input line 49.
LaTeX Font Info:    External font `cmex10' loaded for size
(Font)              <6> on input line 49.
LaTeX Font Info:    External font `cmex10' loaded for size
(Font)              <5> on input line 49.
 [1

{/var/lib/texmf/fonts/map/pdftex/updmap/pdftex.map}]) (./usermanual.toc
LaTeX Font Info:    External font `cmex10' loaded for size
(Font)              <10.95> on input line 2.
)
\tf@toc=\write6
\openout6 = `usermanual.toc'.

 [2

] (./introduction.tex (./whatis.tex

LaTeX Warning: Reference `sec:lsm' on page 3 undefined on input line 6.

) (./about.tex

LaTeX Warning: Reference `sec:lsm' on page 3 undefined on input line 11.

)

LaTeX Warning: Reference `sec:learnalg' on page 3 undefined on input line 18.


LaTeX Warning: Reference `sec:targets' on page 3 undefined on input line 18.


LaTeX Warning: Reference `sec:readouts' on page 3 undefined on input line 19.


LaTeX Warning: Reference `sec:training' on page 3 undefined on input line 24.

[3

]
LaTeX Font Info:    Font shape `OMS/cmr/m/n' in size <10.95> not available
(Font)              Font shape `OMS/cmsy/m/n' tried instead on input line 56.
) (./getstarted.tex <fig_example.pdf, id=148, 308.15125pt x 144.54pt>
File: fig_example.pdf Graphic file (type pdf)

<use fig_example.pdf> [4 <./fig_example.pdf>]

LaTeX Warning: Reference `sec:lsm' on page 5 undefined on input line 38.

[5]
Overfull \hbox (64.51764pt too wide) in paragraph at lines 131--133
\OT1/cmr/m/n/10.95 The full Mat-lab code is con-tained in \OT1/cmtt/m/n/10.95 l
sm/learning/demos/spike[]train[]classification/spike[]class.m\OT1/cmr/m/n/10.95
 . 
 []


LaTeX Warning: Reference `sec:jitteredtemplates' on page 6 undefined on input l
ine 137.


Underfull \hbox (badness 2469) in paragraph at lines 136--141
\OT1/cmr/m/n/10.95 Several in-put dis-tri-bu-tions are readly im-le-mented as M
at-lab ob-jects. The class
 []

[6]
Overfull \hbox (34.48734pt too wide) in paragraph at lines 173--173
[]             \OT1/cmtt/m/n/10.95 'type','StaticSpikingSynapse','rescale',0,'W
scale',0.15,'lambda',Inf);[] 
 []


LaTeX Warning: Reference `sec:externalreadout' on page 7 undefined on input lin
e 201.


LaTeX Warning: Reference `sec:linearclassification' on page 7 undefined on inpu
t line 205.


LaTeX Warning: Reference `sec:segmentclassification' on page 7 undefined on inp
ut line 210.

[7]

LaTeX Warning: Reference `sec:trainreadouts' on page 8 undefined on input line 
226.

) (./usermanual.bbl) [8] (./usermanual.aux)

LaTeX Warning: There were undefined references.

 ) 
Here is how much of TeX's memory you used:
 3035 strings out of 94499
 40468 string characters out of 1172810
 92760 words of memory out of 3500000
 6099 multiletter control sequences out of 10000+50000
 11852 words of font info for 42 fonts, out of 500000 for 2000
 580 hyphenation exceptions out of 1000
 34i,6n,38p,222b,248s stack positions out of 1500i,500n,5000p,200000b,5000s
PDF statistics:
 235 PDF objects out of 300000
 68 named destinations out of 131072
 102 words of extra memory for PDF output out of 65536

! pdfTeX warning (dest): name{sec:trainreadouts} has been referenced but does n
ot exist, replaced by a fixed one

! pdfTeX warning (dest): name{sec:segmentclassification} has been referenced bu
t does not exist, replaced by a fixed one

! pdfTeX warning (dest): name{sec:linearclassification} has been referenced but
 does not exist, replaced by a fixed one

! pdfTeX warning (dest): name{sec:externalreadout} has been referenced but does
 not exist, replaced by a fixed one

! pdfTeX warning (dest): name{sec:jitteredtemplates} has been referenced but do
es not exist, replaced by a fixed one

! pdfTeX warning (dest): name{sec:training} has been referenced but does not ex
ist, replaced by a fixed one

! pdfTeX warning (dest): name{sec:readouts} has been referenced but does not ex
ist, replaced by a fixed one

! pdfTeX warning (dest): name{sec:targets} has been referenced but does not exi
st, replaced by a fixed one

! pdfTeX warning (dest): name{sec:learnalg} has been referenced but does not ex
ist, replaced by a fixed one

! pdfTeX warning (dest): name{sec:lsm} has been referenced but does not exist, 
replaced by a fixed one

</usr/share/texmf/fonts/type1/bluesky/cm/cmmi8.pfb></usr/share/texmf/fonts/type
1/bluesky/cm/cmmi10.pfb></usr/share/texmf/fonts/type1/bluesky/cm/cmti10.pfb></u
sr/share/texmf/fonts/type1/bluesky/cm/cmtt10.pfb></usr/share/texmf/fonts/type1/
bluesky/cm/cmss10.pfb></usr/share/texmf/fonts/type1/bluesky/cm/cmr10.pfb></usr/
share/texmf/fonts/type1/bluesky/cm/cmbx10.pfb></usr/share/texmf/fonts/type1/blu
esky/cm/cmtt8.pfb></usr/share/texmf/fonts/type1/bluesky/cm/cmss8.pfb></usr/shar
e/texmf/fonts/type1/bluesky/cm/cmr8.pfb></usr/share/texmf/fonts/type1/bluesky/c
m/cmtt12.pfb></usr/share/texmf/fonts/type1/bluesky/cm/cmsy10.pfb></usr/share/te
xmf/fonts/type1/bluesky/cm/cmr12.pfb></usr/share/texmf/fonts/type1/bluesky/cm/c
mbx12.pfb></usr/share/texmf/fonts/type1/bluesky/cm/cmssbx10.pfb>
Output written on usermanual.pdf (8 pages, 252583 bytes).
